

================================================================
== Vivado HLS Report for 'disparityMap'
================================================================
* Date:           Thu Jul 30 11:06:35 2020

* Version:        2018.3 (Build 2405991 on Thu Dec 06 23:56:15 MST 2018)
* Project:        stereo_2020
* Solution:       solution1
* Product family: zynq
* Target device:  xc7z020clg400-1


================================================================
== Performance Estimates
================================================================
+ Timing (ns): 
    * Summary: 
    +--------+-------+----------+------------+
    |  Clock | Target| Estimated| Uncertainty|
    +--------+-------+----------+------------+
    |ap_clk  |  10.00|     9.634|        1.25|
    +--------+-------+----------+------------+

+ Latency (clock cycles): 
    * Summary: 
    +-----+-----+-----+-----+---------+
    |  Latency  |  Interval | Pipeline|
    | min | max | min | max |   Type  |
    +-----+-----+-----+-----+---------+
    |    ?|    ?|    ?|    ?|   none  |
    +-----+-----+-----+-----+---------+

    + Detail: 
        * Instance: 
        N/A

        * Loop: 
        +---------------------+-----+-----+----------+-----------+-----------+------+----------+
        |                     |  Latency  | Iteration|  Initiation Interval  | Trip |          |
        |      Loop Name      | min | max |  Latency |  achieved |   target  | Count| Pipelined|
        +---------------------+-----+-----+----------+-----------+-----------+------+----------+
        |- Loop 1             |    ?|    ?|         2|          2|          2|     ?|    yes   |
        |- Loop_Row_Loop_Col  |    ?|    ?|        29|         18|          1|     ?|    yes   |
        |- Loop 3             |    ?|    ?|         4|          4|          4|     ?|    yes   |
        +---------------------+-----+-----+----------+-----------+-----------+------+----------+



================================================================
== Utilization Estimates
================================================================
* Summary: 
+-----------------+---------+-------+--------+-------+
|       Name      | BRAM_18K| DSP48E|   FF   |  LUT  |
+-----------------+---------+-------+--------+-------+
|DSP              |        -|     33|       -|      -|
|Expression       |        -|      8|       0|   4048|
|FIFO             |        -|      -|       -|      -|
|Instance         |        0|      5|     317|    256|
|Memory           |      210|      -|       0|      0|
|Multiplexer      |        -|      -|       -|   1796|
|Register         |        -|      -|    3942|      -|
+-----------------+---------+-------+--------+-------+
|Total            |      210|     46|    4259|   6100|
+-----------------+---------+-------+--------+-------+
|Available        |      280|    220|  106400|  53200|
+-----------------+---------+-------+--------+-------+
|Utilization (%)  |       75|     20|       4|     11|
+-----------------+---------+-------+--------+-------+

+ Detail: 
    * Instance: 
    +----------------------------------+--------------------------------+---------+-------+-----+-----+
    |             Instance             |             Module             | BRAM_18K| DSP48E|  FF | LUT |
    +----------------------------------+--------------------------------+---------+-------+-----+-----+
    |disparityMap_CONTROL_BUS_s_axi_U  |disparityMap_CONTROL_BUS_s_axi  |        0|      0|  112|  168|
    |disparityMap_mul_vdy_U1           |disparityMap_mul_vdy            |        0|      5|  205|   88|
    +----------------------------------+--------------------------------+---------+-------+-----+-----+
    |Total                             |                                |        0|      5|  317|  256|
    +----------------------------------+--------------------------------+---------+-------+-----+-----+

    * DSP48: 
    +--------------------------+----------------------+--------------+
    |         Instance         |        Module        |  Expression  |
    +--------------------------+----------------------+--------------+
    |disparityMap_mac_wdI_U2   |disparityMap_mac_wdI  | i0 * i1 + i2 |
    |disparityMap_mul_xdS_U3   |disparityMap_mul_xdS  |    i0 * i1   |
    |disparityMap_mul_xdS_U5   |disparityMap_mul_xdS  |    i0 * i1   |
    |disparityMap_mul_yd2_U4   |disparityMap_mul_yd2  |    i0 * i1   |
    |disparityMap_mul_yd2_U6   |disparityMap_mul_yd2  |    i0 * i1   |
    |disparityMap_mul_yd2_U7   |disparityMap_mul_yd2  |    i0 * i1   |
    |disparityMap_mul_yd2_U8   |disparityMap_mul_yd2  |    i0 * i1   |
    |disparityMap_mul_yd2_U9   |disparityMap_mul_yd2  |    i0 * i1   |
    |disparityMap_mul_yd2_U10  |disparityMap_mul_yd2  |    i0 * i1   |
    |disparityMap_mul_yd2_U11  |disparityMap_mul_yd2  |    i0 * i1   |
    |disparityMap_mul_yd2_U12  |disparityMap_mul_yd2  |    i0 * i1   |
    |disparityMap_mul_yd2_U13  |disparityMap_mul_yd2  |    i0 * i1   |
    |disparityMap_mul_yd2_U14  |disparityMap_mul_yd2  |    i0 * i1   |
    |disparityMap_mul_yd2_U15  |disparityMap_mul_yd2  |    i0 * i1   |
    |disparityMap_mul_yd2_U16  |disparityMap_mul_yd2  |    i0 * i1   |
    |disparityMap_mul_yd2_U17  |disparityMap_mul_yd2  |    i0 * i1   |
    |disparityMap_mul_yd2_U18  |disparityMap_mul_yd2  |    i0 * i1   |
    |disparityMap_mul_yd2_U19  |disparityMap_mul_yd2  |    i0 * i1   |
    |disparityMap_mul_yd2_U20  |disparityMap_mul_yd2  |    i0 * i1   |
    |disparityMap_mul_yd2_U21  |disparityMap_mul_yd2  |    i0 * i1   |
    |disparityMap_mul_yd2_U22  |disparityMap_mul_yd2  |    i0 * i1   |
    |disparityMap_mul_yd2_U23  |disparityMap_mul_yd2  |    i0 * i1   |
    |disparityMap_mul_yd2_U24  |disparityMap_mul_yd2  |    i0 * i1   |
    |disparityMap_mul_yd2_U25  |disparityMap_mul_yd2  |    i0 * i1   |
    |disparityMap_mul_yd2_U26  |disparityMap_mul_yd2  |    i0 * i1   |
    |disparityMap_mul_yd2_U27  |disparityMap_mul_yd2  |    i0 * i1   |
    |disparityMap_mul_yd2_U28  |disparityMap_mul_yd2  |    i0 * i1   |
    |disparityMap_mul_yd2_U29  |disparityMap_mul_yd2  |    i0 * i1   |
    |disparityMap_mul_yd2_U30  |disparityMap_mul_yd2  |    i0 * i1   |
    |disparityMap_mul_yd2_U31  |disparityMap_mul_yd2  |    i0 * i1   |
    |disparityMap_mul_yd2_U32  |disparityMap_mul_yd2  |    i0 * i1   |
    |disparityMap_mul_yd2_U33  |disparityMap_mul_yd2  |    i0 * i1   |
    |disparityMap_mul_yd2_U34  |disparityMap_mul_yd2  |    i0 * i1   |
    +--------------------------+----------------------+--------------+

    * Memory: 
    +-----------------------+----------------------+---------+---+----+--------+-----+------+-------------+
    |         Memory        |        Module        | BRAM_18K| FF| LUT|  Words | Bits| Banks| W*Bits*Banks|
    +-----------------------+----------------------+---------+---+----+--------+-----+------+-------------+
    |cost_last_line_0_V_U   |disparityMap_costfYi  |        1|  0|   0|     384|    9|     1|         3456|
    |cost_last_line_1_V_U   |disparityMap_costfYi  |        1|  0|   0|     384|    9|     1|         3456|
    |cost_last_line_2_V_U   |disparityMap_costfYi  |        1|  0|   0|     384|    9|     1|         3456|
    |cost_last_line_3_V_U   |disparityMap_costfYi  |        1|  0|   0|     384|    9|     1|         3456|
    |cost_last_line_4_V_U   |disparityMap_costfYi  |        1|  0|   0|     384|    9|     1|         3456|
    |cost_last_line_5_V_U   |disparityMap_costfYi  |        1|  0|   0|     384|    9|     1|         3456|
    |cost_last_line_6_V_U   |disparityMap_costfYi  |        1|  0|   0|     384|    9|     1|         3456|
    |cost_last_line_7_V_U   |disparityMap_costfYi  |        1|  0|   0|     384|    9|     1|         3456|
    |cost_last_line_8_V_U   |disparityMap_costfYi  |        1|  0|   0|     384|    9|     1|         3456|
    |cost_last_line_9_V_U   |disparityMap_costfYi  |        1|  0|   0|     384|    9|     1|         3456|
    |cost_last_line_10_V_U  |disparityMap_costfYi  |        1|  0|   0|     384|    9|     1|         3456|
    |cost_last_line_11_V_U  |disparityMap_costfYi  |        1|  0|   0|     384|    9|     1|         3456|
    |cost_last_line_12_V_U  |disparityMap_costfYi  |        1|  0|   0|     384|    9|     1|         3456|
    |cost_last_line_13_V_U  |disparityMap_costfYi  |        1|  0|   0|     384|    9|     1|         3456|
    |cost_last_line_14_V_U  |disparityMap_costfYi  |        1|  0|   0|     384|    9|     1|         3456|
    |cost_last_line_15_V_U  |disparityMap_costfYi  |        1|  0|   0|     384|    9|     1|         3456|
    |dMap_V_U               |disparityMap_dMap_V   |       64|  0|   0|  110592|    8|     1|       884736|
    |exponentials_V_U       |disparityMap_expobkb  |        1|  0|   0|     256|   10|     1|         2560|
    |leftImage_V_U          |disparityMap_leftcud  |       64|  0|   0|  110592|    8|     1|       884736|
    |rightImage_V_U         |disparityMap_leftcud  |       64|  0|   0|  110592|    8|     1|       884736|
    |pixel_values_left_V_U  |disparityMap_pixeeOg  |        1|  0|   0|     384|    8|     1|         3072|
    +-----------------------+----------------------+---------+---+----+--------+-----+------+-------------+
    |Total                  |                      |      210|  0|   0|  338560|  186|    21|      2715136|
    +-----------------------+----------------------+---------+---+----+--------+-----+------+-------------+

    * FIFO: 
    N/A

    * Expression: 
    +-----------------------------------+----------+-------+---+----+------------+------------+
    |           Variable Name           | Operation| DSP48E| FF| LUT| Bitwidth P0| Bitwidth P1|
    +-----------------------------------+----------+-------+---+----+------------+------------+
    |bound_fu_1875_p2                   |     *    |      4|  0|  20|          32|          32|
    |packets_fu_1771_p2                 |     *    |      4|  0|  20|          31|          32|
    |col_fu_1951_p2                     |     +    |      0|  0|  39|           1|          32|
    |cost_d_actual_V_1_10_fu_3882_p2    |     +    |      0|  0|  15|           9|           9|
    |cost_d_actual_V_1_11_fu_4040_p2    |     +    |      0|  0|  15|           9|           9|
    |cost_d_actual_V_1_12_fu_4184_p2    |     +    |      0|  0|  15|           9|           9|
    |cost_d_actual_V_1_13_fu_4337_p2    |     +    |      0|  0|  15|           9|           9|
    |cost_d_actual_V_1_14_fu_4486_p2    |     +    |      0|  0|  15|           9|           9|
    |cost_d_actual_V_1_1_fu_2273_p2     |     +    |      0|  0|  15|           9|           9|
    |cost_d_actual_V_1_2_fu_2433_p2     |     +    |      0|  0|  15|           9|           9|
    |cost_d_actual_V_1_3_fu_2593_p2     |     +    |      0|  0|  15|           9|           9|
    |cost_d_actual_V_1_4_fu_2751_p2     |     +    |      0|  0|  15|           9|           9|
    |cost_d_actual_V_1_5_fu_2924_p2     |     +    |      0|  0|  15|           9|           9|
    |cost_d_actual_V_1_6_fu_3082_p2     |     +    |      0|  0|  15|           9|           9|
    |cost_d_actual_V_1_7_fu_3240_p2     |     +    |      0|  0|  15|           9|           9|
    |cost_d_actual_V_1_8_fu_3396_p2     |     +    |      0|  0|  15|           9|           9|
    |cost_d_actual_V_1_9_fu_3558_p2     |     +    |      0|  0|  15|           9|           9|
    |cost_d_actual_V_1_fu_2164_p2       |     +    |      0|  0|  15|           9|           9|
    |cost_d_actual_V_1_s_fu_3727_p2     |     +    |      0|  0|  15|           9|           9|
    |cost_d_actual_V_2_10_fu_3918_p2    |     +    |      0|  0|  14|          10|          10|
    |cost_d_actual_V_2_11_fu_4076_p2    |     +    |      0|  0|  14|          10|          10|
    |cost_d_actual_V_2_12_fu_4220_p2    |     +    |      0|  0|  14|          10|          10|
    |cost_d_actual_V_2_13_fu_4373_p2    |     +    |      0|  0|  14|          10|          10|
    |cost_d_actual_V_2_14_fu_4505_p2    |     +    |      0|  0|  14|          10|          10|
    |cost_d_actual_V_2_1_fu_2309_p2     |     +    |      0|  0|  14|          10|          10|
    |cost_d_actual_V_2_2_fu_2469_p2     |     +    |      0|  0|  14|          10|          10|
    |cost_d_actual_V_2_3_fu_2629_p2     |     +    |      0|  0|  14|          10|          10|
    |cost_d_actual_V_2_4_fu_2814_p2     |     +    |      0|  0|  14|          10|          10|
    |cost_d_actual_V_2_5_fu_2960_p2     |     +    |      0|  0|  14|          10|          10|
    |cost_d_actual_V_2_6_fu_3118_p2     |     +    |      0|  0|  14|          10|          10|
    |cost_d_actual_V_2_7_fu_3276_p2     |     +    |      0|  0|  14|          10|          10|
    |cost_d_actual_V_2_8_fu_3432_p2     |     +    |      0|  0|  14|          10|          10|
    |cost_d_actual_V_2_9_fu_3617_p2     |     +    |      0|  0|  14|          10|          10|
    |cost_d_actual_V_2_fu_2200_p2       |     +    |      0|  0|  14|          10|          10|
    |cost_d_actual_V_2_s_fu_3763_p2     |     +    |      0|  0|  14|          10|          10|
    |grp_fu_1605_p2                     |     +    |      0|  0|  39|          32|           3|
    |grp_fu_1638_p2                     |     +    |      0|  0|  39|          32|           4|
    |grp_fu_1648_p2                     |     +    |      0|  0|  39|          32|           4|
    |grp_fu_1658_p2                     |     +    |      0|  0|  39|          32|           4|
    |grp_fu_1668_p2                     |     +    |      0|  0|  39|          32|           4|
    |grp_fu_1678_p2                     |     +    |      0|  0|  39|          32|           5|
    |grp_fu_1688_p2                     |     +    |      0|  0|  39|          32|           5|
    |grp_fu_1698_p2                     |     +    |      0|  0|  39|          32|           5|
    |grp_fu_1708_p2                     |     +    |      0|  0|  39|          32|           5|
    |grp_fu_1718_p2                     |     +    |      0|  0|  39|          32|           5|
    |grp_fu_1728_p2                     |     +    |      0|  0|  39|          32|           5|
    |grp_fu_1738_p2                     |     +    |      0|  0|  39|          32|           5|
    |grp_fu_1748_p2                     |     +    |      0|  0|  39|          32|           5|
    |indvar_flatten_next_fu_2114_p2     |     +    |      0|  0|  71|          64|           1|
    |r_1_fu_1785_p2                     |     +    |      0|  0|  38|          31|           1|
    |r_2_fu_4643_p2                     |     +    |      0|  0|  38|          31|           1|
    |ret_V_fu_1863_p2                   |     +    |      0|  0|  40|           2|          33|
    |row3_fu_1891_p2                    |     +    |      0|  0|  39|           1|          32|
    |tmp_24_fu_1931_p2                  |     +    |      0|  0|  39|           2|          32|
    |tmp_41_3_fu_2341_p2                |     +    |      0|  0|  39|          32|           3|
    |tmp_44_14_fu_4417_p2               |     +    |      0|  0|  39|          32|           6|
    |tmp_44_2_fu_2333_p2                |     +    |      0|  0|  39|          32|           3|
    |tmp_5_fu_4628_p2                   |     +    |      0|  0|  39|          32|           2|
    |p_neg_fu_4582_p2                   |     -    |      0|  0|  39|           1|          32|
    |p_neg_t_fu_4601_p2                 |     -    |      0|  0|  39|           1|          32|
    |ret_V_1_fu_4545_p2                 |     -    |      0|  0|  17|          13|          13|
    |tmp_36_i_i10_fu_3334_p2            |     -    |      0|  0|  15|           8|           8|
    |tmp_36_i_i11_fu_3496_p2            |     -    |      0|  0|  15|           8|           8|
    |tmp_36_i_i12_fu_3654_p2            |     -    |      0|  0|  15|           8|           8|
    |tmp_36_i_i13_fu_3821_p2            |     -    |      0|  0|  15|           8|           8|
    |tmp_36_i_i14_fu_3979_p2            |     -    |      0|  0|  15|           8|           8|
    |tmp_36_i_i15_fu_4122_p2            |     -    |      0|  0|  15|           8|           8|
    |tmp_36_i_i16_fu_4275_p2            |     -    |      0|  0|  15|           8|           8|
    |tmp_36_i_i17_fu_4409_p2            |     -    |      0|  0|  15|           8|           8|
    |tmp_36_i_i1_fu_2018_p2             |     -    |      0|  0|  15|           8|           8|
    |tmp_36_i_i2_fu_2124_p2             |     -    |      0|  0|  15|           8|           8|
    |tmp_36_i_i3_fu_2231_p2             |     -    |      0|  0|  15|           8|           8|
    |tmp_36_i_i4_fu_2372_p2             |     -    |      0|  0|  15|           8|           8|
    |tmp_36_i_i5_fu_2531_p2             |     -    |      0|  0|  15|           8|           8|
    |tmp_36_i_i6_fu_2689_p2             |     -    |      0|  0|  15|           8|           8|
    |tmp_36_i_i7_fu_2851_p2             |     -    |      0|  0|  15|           8|           8|
    |tmp_36_i_i8_fu_3021_p2             |     -    |      0|  0|  15|           8|           8|
    |tmp_36_i_i9_fu_3179_p2             |     -    |      0|  0|  15|           8|           8|
    |tmp_36_i_i_fu_1988_p2              |     -    |      0|  0|  15|           8|           8|
    |tmp_i_i10_25_fu_3339_p2            |     -    |      0|  0|  15|           8|           8|
    |tmp_i_i11_27_fu_3501_p2            |     -    |      0|  0|  15|           8|           8|
    |tmp_i_i12_29_fu_3659_p2            |     -    |      0|  0|  15|           8|           8|
    |tmp_i_i13_33_fu_3826_p2            |     -    |      0|  0|  15|           8|           8|
    |tmp_i_i14_35_fu_3984_p2            |     -    |      0|  0|  15|           8|           8|
    |tmp_i_i15_37_fu_4127_p2            |     -    |      0|  0|  15|           8|           8|
    |tmp_i_i16_39_fu_4280_p2            |     -    |      0|  0|  15|           8|           8|
    |tmp_i_i17_42_fu_4413_p2            |     -    |      0|  0|  15|           8|           8|
    |tmp_i_i1_45_fu_2022_p2             |     -    |      0|  0|  15|           8|           8|
    |tmp_i_i2_10_fu_2128_p2             |     -    |      0|  0|  15|           8|           8|
    |tmp_i_i3_12_fu_2236_p2             |     -    |      0|  0|  15|           8|           8|
    |tmp_i_i4_13_fu_2377_p2             |     -    |      0|  0|  15|           8|           8|
    |tmp_i_i5_15_fu_2536_p2             |     -    |      0|  0|  15|           8|           8|
    |tmp_i_i6_17_fu_2694_p2             |     -    |      0|  0|  15|           8|           8|
    |tmp_i_i7_19_fu_2856_p2             |     -    |      0|  0|  15|           8|           8|
    |tmp_i_i8_21_fu_3026_p2             |     -    |      0|  0|  15|           8|           8|
    |tmp_i_i9_23_fu_3184_p2             |     -    |      0|  0|  15|           8|           8|
    |tmp_i_i_44_fu_1992_p2              |     -    |      0|  0|  15|           8|           8|
    |INPUT_data_V_0_load_A              |    and   |      0|  0|   2|           1|           1|
    |INPUT_data_V_0_load_B              |    and   |      0|  0|   2|           1|           1|
    |OUTPUT_data_V_1_load_A             |    and   |      0|  0|   2|           1|           1|
    |OUTPUT_data_V_1_load_B             |    and   |      0|  0|   2|           1|           1|
    |OUTPUT_last_V_1_load_A             |    and   |      0|  0|   2|           1|           1|
    |OUTPUT_last_V_1_load_B             |    and   |      0|  0|   2|           1|           1|
    |OUTPUT_user_V_1_load_A             |    and   |      0|  0|   2|           1|           1|
    |OUTPUT_user_V_1_load_B             |    and   |      0|  0|   2|           1|           1|
    |ap_condition_1109                  |    and   |      0|  0|   2|           1|           1|
    |ap_condition_1791                  |    and   |      0|  0|   2|           1|           1|
    |ap_condition_1797                  |    and   |      0|  0|   2|           1|           1|
    |ap_condition_1809                  |    and   |      0|  0|   2|           1|           1|
    |ap_condition_1829                  |    and   |      0|  0|   2|           1|           1|
    |ap_condition_1859                  |    and   |      0|  0|   2|           1|           1|
    |ap_condition_1877                  |    and   |      0|  0|   2|           1|           1|
    |ap_condition_1918                  |    and   |      0|  0|   2|           1|           1|
    |ap_condition_1932                  |    and   |      0|  0|   2|           1|           1|
    |ap_condition_1950                  |    and   |      0|  0|   2|           1|           1|
    |ap_condition_2014                  |    and   |      0|  0|   2|           1|           1|
    |ap_condition_2031                  |    and   |      0|  0|   2|           1|           1|
    |ap_condition_2050                  |    and   |      0|  0|   2|           1|           1|
    |ap_condition_2070                  |    and   |      0|  0|   2|           1|           1|
    |ap_condition_2155                  |    and   |      0|  0|   2|           1|           1|
    |ap_condition_2157                  |    and   |      0|  0|   2|           1|           1|
    |ap_condition_2159                  |    and   |      0|  0|   2|           1|           1|
    |ap_condition_2169                  |    and   |      0|  0|   2|           1|           1|
    |ap_condition_2171                  |    and   |      0|  0|   2|           1|           1|
    |ap_condition_2179                  |    and   |      0|  0|   2|           1|           1|
    |ap_condition_2181                  |    and   |      0|  0|   2|           1|           1|
    |ap_condition_2183                  |    and   |      0|  0|   2|           1|           1|
    |ap_condition_2318                  |    and   |      0|  0|   2|           1|           1|
    |ap_condition_2324                  |    and   |      0|  0|   2|           1|           1|
    |ap_condition_2326                  |    and   |      0|  0|   2|           1|           1|
    |ap_condition_2328                  |    and   |      0|  0|   2|           1|           1|
    |ap_condition_4521                  |    and   |      0|  0|   2|           1|           1|
    |ap_condition_4527                  |    and   |      0|  0|   2|           1|           1|
    |ap_condition_4531                  |    and   |      0|  0|   2|           1|           1|
    |ap_condition_4536                  |    and   |      0|  0|   2|           1|           1|
    |ap_condition_4540                  |    and   |      0|  0|   2|           1|           1|
    |ap_condition_962                   |    and   |      0|  0|   2|           1|           1|
    |or_cond10_fu_4014_p2               |    and   |      0|  0|   2|           1|           1|
    |or_cond11_fu_4158_p2               |    and   |      0|  0|   2|           1|           1|
    |or_cond12_fu_4311_p2               |    and   |      0|  0|   2|           1|           1|
    |or_cond13_fu_4436_p2               |    and   |      0|  0|   2|           1|           1|
    |or_cond1_fu_2407_p2                |    and   |      0|  0|   2|           1|           1|
    |or_cond2_fu_2567_p2                |    and   |      0|  0|   2|           1|           1|
    |or_cond3_fu_2725_p2                |    and   |      0|  0|   2|           1|           1|
    |or_cond4_fu_2875_p2                |    and   |      0|  0|   2|           1|           1|
    |or_cond5_fu_3056_p2                |    and   |      0|  0|   2|           1|           1|
    |or_cond6_fu_3214_p2                |    and   |      0|  0|   2|           1|           1|
    |or_cond7_fu_3370_p2                |    and   |      0|  0|   2|           1|           1|
    |or_cond8_fu_3532_p2                |    and   |      0|  0|   2|           1|           1|
    |or_cond9_fu_3678_p2                |    and   |      0|  0|   2|           1|           1|
    |or_cond_fu_3856_p2                 |    and   |      0|  0|   2|           1|           1|
    |sel_tmp_fu_2062_p2                 |    and   |      0|  0|   2|           1|           1|
    |INPUT_data_V_0_state_cmp_full      |   icmp   |      0|  0|   8|           2|           1|
    |OUTPUT_data_V_1_state_cmp_full     |   icmp   |      0|  0|   8|           2|           1|
    |OUTPUT_last_V_1_state_cmp_full     |   icmp   |      0|  0|   8|           2|           1|
    |OUTPUT_user_V_1_state_cmp_full     |   icmp   |      0|  0|   8|           2|           1|
    |exitcond_flatten_fu_1881_p2        |   icmp   |      0|  0|  29|          64|          64|
    |exitcond_fu_1886_p2                |   icmp   |      0|  0|  18|          32|          32|
    |tmp_21_fu_4677_p2                  |   icmp   |      0|  0|  18|          31|           1|
    |tmp_22_fu_4683_p2                  |   icmp   |      0|  0|  18|          32|          32|
    |tmp_23_fu_2009_p2                  |   icmp   |      0|  0|  18|          32|           1|
    |tmp_26_fu_1946_p2                  |   icmp   |      0|  0|  21|          33|          33|
    |tmp_34_fu_1897_p2                  |   icmp   |      0|  0|  18|          32|           1|
    |tmp_50_10_fu_3928_p2               |   icmp   |      0|  0|  13|          11|          11|
    |tmp_50_11_fu_4086_p2               |   icmp   |      0|  0|  13|          11|          11|
    |tmp_50_12_fu_4248_p2               |   icmp   |      0|  0|  13|          11|          11|
    |tmp_50_13_fu_4383_p2               |   icmp   |      0|  0|  13|          11|          11|
    |tmp_50_14_fu_4515_p2               |   icmp   |      0|  0|  13|          11|          11|
    |tmp_50_1_fu_2319_p2                |   icmp   |      0|  0|  13|          11|          11|
    |tmp_50_2_fu_2479_p2                |   icmp   |      0|  0|  13|          11|          11|
    |tmp_50_3_fu_2662_p2                |   icmp   |      0|  0|  13|          11|          11|
    |tmp_50_4_fu_2824_p2                |   icmp   |      0|  0|  13|          11|          11|
    |tmp_50_5_fu_2970_p2                |   icmp   |      0|  0|  13|          11|          11|
    |tmp_50_6_fu_3128_p2                |   icmp   |      0|  0|  13|          11|          11|
    |tmp_50_7_fu_3286_p2                |   icmp   |      0|  0|  13|          11|          11|
    |tmp_50_8_fu_3469_p2                |   icmp   |      0|  0|  13|          11|          11|
    |tmp_50_9_fu_3627_p2                |   icmp   |      0|  0|  13|          11|          11|
    |tmp_50_s_fu_3773_p2                |   icmp   |      0|  0|  13|          11|          11|
    |tmp_8_fu_4638_p2                   |   icmp   |      0|  0|  18|          32|          32|
    |tmp_9_mid1_fu_2045_p2              |   icmp   |      0|  0|  18|          32|           1|
    |tmp_fu_1780_p2                     |   icmp   |      0|  0|  18|          32|          32|
    |tmp_i_i10_fu_3329_p2               |   icmp   |      0|  0|  11|           8|           8|
    |tmp_i_i11_fu_3491_p2               |   icmp   |      0|  0|  11|           8|           8|
    |tmp_i_i12_fu_3649_p2               |   icmp   |      0|  0|  11|           8|           8|
    |tmp_i_i13_fu_3816_p2               |   icmp   |      0|  0|  11|           8|           8|
    |tmp_i_i14_fu_3974_p2               |   icmp   |      0|  0|  11|           8|           8|
    |tmp_i_i15_fu_4117_p2               |   icmp   |      0|  0|  11|           8|           8|
    |tmp_i_i16_fu_4270_p2               |   icmp   |      0|  0|  11|           8|           8|
    |tmp_i_i17_fu_4405_p2               |   icmp   |      0|  0|  11|           8|           8|
    |tmp_i_i1_fu_2014_p2                |   icmp   |      0|  0|  11|           8|           8|
    |tmp_i_i2_fu_2120_p2                |   icmp   |      0|  0|  11|           8|           8|
    |tmp_i_i3_fu_2226_p2                |   icmp   |      0|  0|  11|           8|           8|
    |tmp_i_i4_fu_2367_p2                |   icmp   |      0|  0|  11|           8|           8|
    |tmp_i_i5_fu_2526_p2                |   icmp   |      0|  0|  11|           8|           8|
    |tmp_i_i6_fu_2684_p2                |   icmp   |      0|  0|  11|           8|           8|
    |tmp_i_i7_fu_2846_p2                |   icmp   |      0|  0|  11|           8|           8|
    |tmp_i_i8_fu_3016_p2                |   icmp   |      0|  0|  11|           8|           8|
    |tmp_i_i9_fu_3174_p2                |   icmp   |      0|  0|  11|           8|           8|
    |tmp_i_i_fu_1984_p2                 |   icmp   |      0|  0|  11|           8|           8|
    |ap_block_state40                   |    or    |      0|  0|   2|           1|           1|
    |tmp_15_fu_4666_p2                  |    or    |      0|  0|  32|          32|           1|
    |tmp_17_fu_4688_p2                  |    or    |      0|  0|  32|          32|           2|
    |tmp_19_fu_4698_p2                  |    or    |      0|  0|  32|          32|           2|
    |tmp_3_fu_1813_p2                   |    or    |      0|  0|  32|          32|           1|
    |agg_result_V_i_i10_fu_3344_p3      |  select  |      0|  0|   8|           1|           8|
    |agg_result_V_i_i11_fu_3506_p3      |  select  |      0|  0|   8|           1|           8|
    |agg_result_V_i_i12_fu_3705_p3      |  select  |      0|  0|   8|           1|           8|
    |agg_result_V_i_i13_fu_3831_p3      |  select  |      0|  0|   8|           1|           8|
    |agg_result_V_i_i14_fu_3989_p3      |  select  |      0|  0|   8|           1|           8|
    |agg_result_V_i_i15_fu_4132_p3      |  select  |      0|  0|   8|           1|           8|
    |agg_result_V_i_i16_fu_4285_p3      |  select  |      0|  0|   8|           1|           8|
    |agg_result_V_i_i17_fu_4464_p3      |  select  |      0|  0|   8|           1|           8|
    |agg_result_V_i_i1_fu_2026_p3       |  select  |      0|  0|   8|           1|           8|
    |agg_result_V_i_i2_fu_2132_p3       |  select  |      0|  0|   8|           1|           8|
    |agg_result_V_i_i3_fu_2241_p3       |  select  |      0|  0|   8|           1|           8|
    |agg_result_V_i_i4_fu_2382_p3       |  select  |      0|  0|   8|           1|           8|
    |agg_result_V_i_i5_fu_2541_p3       |  select  |      0|  0|   8|           1|           8|
    |agg_result_V_i_i6_fu_2699_p3       |  select  |      0|  0|   8|           1|           8|
    |agg_result_V_i_i7_fu_2902_p3       |  select  |      0|  0|   8|           1|           8|
    |agg_result_V_i_i8_fu_3031_p3       |  select  |      0|  0|   8|           1|           8|
    |agg_result_V_i_i9_fu_3189_p3       |  select  |      0|  0|   8|           1|           8|
    |agg_result_V_i_i_fu_1996_p3        |  select  |      0|  0|   8|           1|           8|
    |cost_d_actual_V_2_10_2_fu_3934_p3  |  select  |      0|  0|  11|           1|          11|
    |cost_d_actual_V_2_11_2_fu_4104_p3  |  select  |      0|  0|  11|           1|          11|
    |cost_d_actual_V_2_12_2_fu_4254_p3  |  select  |      0|  0|  11|           1|          11|
    |cost_d_actual_V_2_13_2_fu_4389_p3  |  select  |      0|  0|  11|           1|          11|
    |cost_d_actual_V_2_1_1_fu_2325_p3   |  select  |      0|  0|  11|           1|          11|
    |cost_d_actual_V_2_2_1_fu_2513_p3   |  select  |      0|  0|  11|           1|          11|
    |cost_d_actual_V_2_3_1_fu_2668_p3   |  select  |      0|  0|  11|           1|          11|
    |cost_d_actual_V_2_4_1_fu_2830_p3   |  select  |      0|  0|  11|           1|          11|
    |cost_d_actual_V_2_5_1_fu_2976_p3   |  select  |      0|  0|  11|           1|          11|
    |cost_d_actual_V_2_6_1_fu_3134_p3   |  select  |      0|  0|  11|           1|          11|
    |cost_d_actual_V_2_7_1_fu_3316_p3   |  select  |      0|  0|  11|           1|          11|
    |cost_d_actual_V_2_8_1_fu_3475_p3   |  select  |      0|  0|  11|           1|          11|
    |cost_d_actual_V_2_9_1_fu_3633_p3   |  select  |      0|  0|  11|           1|          11|
    |cost_d_actual_V_2_c_1_fu_3779_p3   |  select  |      0|  0|  11|           1|          11|
    |i_op_assign_2_mid2_fu_1915_p3      |  select  |      0|  0|  32|           1|           1|
    |mu_diagonal_V_1_fu_2067_p3         |  select  |      0|  0|  10|           1|          10|
    |mu_diagonal_V_2_fu_2075_p3         |  select  |      0|  0|  10|           1|          10|
    |mu_right_V_1_fu_2056_p3            |  select  |      0|  0|  10|           1|          10|
    |p_01181_2_10_40_fu_4397_p3         |  select  |      0|  0|   4|           1|           3|
    |p_01181_2_1_34_fu_3942_p3          |  select  |      0|  0|   4|           1|           4|
    |p_01181_2_1_cast_14_fu_2519_p3     |  select  |      0|  0|   3|           1|           3|
    |p_01181_2_2_16_fu_2676_p3          |  select  |      0|  0|   2|           1|           2|
    |p_01181_2_3_36_fu_4110_p3          |  select  |      0|  0|   4|           1|           4|
    |p_01181_2_3_cast_18_fu_2838_p3     |  select  |      0|  0|   4|           1|           4|
    |p_01181_2_4_20_fu_2984_p3          |  select  |      0|  0|   3|           1|           3|
    |p_01181_2_5_22_fu_3142_p3          |  select  |      0|  0|   3|           1|           3|
    |p_01181_2_6_24_fu_3322_p3          |  select  |      0|  0|   3|           1|           2|
    |p_01181_2_7_38_fu_4262_p3          |  select  |      0|  0|   4|           1|           3|
    |p_01181_2_7_cast_26_fu_3483_p3     |  select  |      0|  0|   5|           1|           5|
    |p_01181_2_8_28_fu_3641_p3          |  select  |      0|  0|   4|           1|           4|
    |p_01181_2_9_32_fu_3787_p3          |  select  |      0|  0|   4|           1|           4|
    |p_01181_2_s_43_fu_4521_p3          |  select  |      0|  0|   4|           1|           2|
    |p_Val2_5_10_fu_3861_p3             |  select  |      0|  0|  18|           1|          18|
    |p_Val2_5_11_fu_4019_p3             |  select  |      0|  0|  18|           1|          18|
    |p_Val2_5_12_fu_4163_p3             |  select  |      0|  0|  18|           1|          18|
    |p_Val2_5_13_fu_4316_p3             |  select  |      0|  0|  18|           1|          18|
    |p_Val2_5_14_fu_4441_p3             |  select  |      0|  0|  18|           1|          18|
    |p_Val2_5_1_fu_2253_p3              |  select  |      0|  0|  18|           1|          18|
    |p_Val2_5_2_fu_2412_p3              |  select  |      0|  0|  18|           1|          18|
    |p_Val2_5_3_fu_2572_p3              |  select  |      0|  0|  18|           1|          18|
    |p_Val2_5_4_fu_2730_p3              |  select  |      0|  0|  18|           1|          18|
    |p_Val2_5_5_fu_2880_p3              |  select  |      0|  0|  18|           1|          18|
    |p_Val2_5_6_fu_3061_p3              |  select  |      0|  0|  18|           1|          18|
    |p_Val2_5_7_fu_3219_p3              |  select  |      0|  0|  18|           1|          18|
    |p_Val2_5_8_fu_3375_p3              |  select  |      0|  0|  18|           1|          18|
    |p_Val2_5_9_fu_3537_p3              |  select  |      0|  0|  18|           1|          18|
    |p_Val2_5_fu_2144_p3                |  select  |      0|  0|  18|           1|          18|
    |p_Val2_5_s_fu_3683_p3              |  select  |      0|  0|  18|           1|          18|
    |p_Val2_6_10_fu_3898_p3             |  select  |      0|  0|  18|           1|          18|
    |p_Val2_6_11_fu_4056_p3             |  select  |      0|  0|  18|           1|          18|
    |p_Val2_6_12_fu_4200_p3             |  select  |      0|  0|  18|           1|          18|
    |p_Val2_6_13_fu_4352_p3             |  select  |      0|  0|  18|           1|          18|
    |p_Val2_6_14_fu_4448_p3             |  select  |      0|  0|  18|           1|          18|
    |p_Val2_6_1_fu_2289_p3              |  select  |      0|  0|  18|           1|          18|
    |p_Val2_6_2_fu_2449_p3              |  select  |      0|  0|  18|           1|          18|
    |p_Val2_6_3_fu_2609_p3              |  select  |      0|  0|  18|           1|          18|
    |p_Val2_6_4_fu_2794_p3              |  select  |      0|  0|  18|           1|          18|
    |p_Val2_6_5_fu_2940_p3              |  select  |      0|  0|  18|           1|          18|
    |p_Val2_6_6_fu_3098_p3              |  select  |      0|  0|  18|           1|          18|
    |p_Val2_6_7_fu_3256_p3              |  select  |      0|  0|  18|           1|          18|
    |p_Val2_6_8_fu_3412_p3              |  select  |      0|  0|  18|           1|          18|
    |p_Val2_6_9_fu_3597_p3              |  select  |      0|  0|  18|           1|          18|
    |p_Val2_6_fu_2180_p3                |  select  |      0|  0|  18|           1|          18|
    |p_Val2_6_s_fu_3743_p3              |  select  |      0|  0|  18|           1|          18|
    |ret_V_mid2_v_v_fu_1903_p3          |  select  |      0|  0|  32|           1|          32|
    |tmp_9_mid2_fu_2050_p3              |  select  |      0|  0|   2|           1|           1|
    |tmp_s_fu_4620_p3                   |  select  |      0|  0|  32|           1|          32|
    |ap_enable_pp1                      |    xor   |      0|  0|   2|           1|           2|
    |rev10_fu_4008_p2                   |    xor   |      0|  0|   2|           1|           2|
    |rev11_fu_4152_p2                   |    xor   |      0|  0|   2|           1|           2|
    |rev12_fu_4305_p2                   |    xor   |      0|  0|   2|           1|           2|
    |rev13_fu_4430_p2                   |    xor   |      0|  0|   2|           1|           2|
    |rev1_fu_2561_p2                    |    xor   |      0|  0|   2|           1|           2|
    |rev2_fu_2719_p2                    |    xor   |      0|  0|   2|           1|           2|
    |rev3_fu_2869_p2                    |    xor   |      0|  0|   2|           1|           2|
    |rev4_fu_3050_p2                    |    xor   |      0|  0|   2|           1|           2|
    |rev5_fu_3208_p2                    |    xor   |      0|  0|   2|           1|           2|
    |rev6_fu_3364_p2                    |    xor   |      0|  0|   2|           1|           2|
    |rev7_fu_3526_p2                    |    xor   |      0|  0|   2|           1|           2|
    |rev8_fu_3672_p2                    |    xor   |      0|  0|   2|           1|           2|
    |rev9_fu_3850_p2                    |    xor   |      0|  0|   2|           1|           2|
    |rev_fu_2401_p2                     |    xor   |      0|  0|   2|           1|           2|
    +-----------------------------------+----------+-------+---+----+------------+------------+
    |Total                              |          |      8|  0|4048|        2299|        2588|
    +-----------------------------------+----------+-------+---+----+------------+------------+

    * Multiplexer: 
    +--------------------------------------------+-----+-----------+-----+-----------+
    |                    Name                    | LUT | Input Size| Bits| Total Bits|
    +--------------------------------------------+-----+-----------+-----+-----------+
    |INPUT_data_V_0_data_out                     |    9|          2|   32|         64|
    |INPUT_data_V_0_state                        |   15|          3|    2|          6|
    |INPUT_last_V_0_state                        |   15|          3|    2|          6|
    |OUTPUT_data_V_1_data_out                    |    9|          2|   32|         64|
    |OUTPUT_data_V_1_state                       |   15|          3|    2|          6|
    |OUTPUT_last_V_1_data_out                    |    9|          2|    1|          2|
    |OUTPUT_last_V_1_state                       |   15|          3|    2|          6|
    |OUTPUT_user_V_1_data_out                    |    9|          2|    1|          2|
    |OUTPUT_user_V_1_state                       |   15|          3|    2|          6|
    |ap_NS_fsm                                   |  137|         30|    1|         30|
    |ap_enable_reg_pp1_iter1                     |    9|          2|    1|          2|
    |ap_phi_mux_i_op_assign_2_phi_fu_885_p4      |    9|          2|   32|         64|
    |ap_phi_mux_i_op_assign_phi_fu_874_p4        |    9|          2|   32|         64|
    |ap_phi_mux_indvar_flatten_phi_fu_862_p4     |    9|          2|   64|        128|
    |ap_phi_mux_p_01027_1_phi_fu_897_p4          |    9|          2|   18|         36|
    |ap_phi_mux_p_01027_4_10_phi_fu_1389_p4      |    9|          2|   18|         36|
    |ap_phi_mux_p_01027_4_11_phi_fu_1433_p4      |   15|          3|   18|         54|
    |ap_phi_mux_p_01027_4_13_phi_fu_1520_p4      |   15|          3|   18|         54|
    |ap_phi_mux_p_01027_4_14_phi_fu_1564_p4      |   15|          3|   18|         54|
    |ap_phi_mux_p_01027_4_1_phi_fu_954_p4        |    9|          2|   18|         36|
    |ap_phi_mux_p_01027_4_2_phi_fu_998_p4        |   15|          3|   18|         54|
    |ap_phi_mux_p_01027_4_6_phi_fu_1171_p4       |    9|          2|   18|         36|
    |ap_phi_mux_p_01027_4_7_phi_fu_1215_p4       |   15|          3|   18|         54|
    |ap_phi_mux_p_01189_2_10_phi_fu_1411_p4      |    9|          2|   11|         22|
    |ap_phi_mux_p_01189_2_1_phi_fu_976_p4        |    9|          2|   11|         22|
    |ap_phi_mux_p_01189_2_6_phi_fu_1193_p4       |    9|          2|   11|         22|
    |ap_phi_mux_p_0943_1_phi_fu_909_p4           |    9|          2|   18|         36|
    |ap_phi_mux_p_0943_4_10_phi_fu_1400_p4       |    9|          2|   18|         36|
    |ap_phi_mux_p_0943_4_11_phi_fu_1444_p4       |   15|          3|   18|         54|
    |ap_phi_mux_p_0943_4_12_phi_fu_1477_p4       |   15|          3|   18|         54|
    |ap_phi_mux_p_0943_4_13_phi_fu_1531_p4       |   15|          3|   18|         54|
    |ap_phi_mux_p_0943_4_14_phi_fu_1576_p4       |   15|          3|   18|         54|
    |ap_phi_mux_p_0943_4_1_phi_fu_965_p4         |    9|          2|   18|         36|
    |ap_phi_mux_p_0943_4_2_phi_fu_1009_p4        |   15|          3|   18|         54|
    |ap_phi_mux_p_0943_4_3_phi_fu_1041_p4        |   15|          3|   18|         54|
    |ap_phi_mux_p_0943_4_4_phi_fu_1084_p4        |   15|          3|   18|         54|
    |ap_phi_mux_p_0943_4_6_phi_fu_1182_p4        |    9|          2|   18|         36|
    |ap_phi_mux_p_0943_4_7_phi_fu_1226_p4        |   15|          3|   18|         54|
    |ap_phi_mux_p_0943_4_8_phi_fu_1258_p4        |   15|          3|   18|         54|
    |ap_phi_mux_p_0943_4_9_phi_fu_1301_p4        |   15|          3|   18|         54|
    |ap_phi_reg_pp1_iter0_p_01027_4_3_reg_1049   |    9|          2|   18|         36|
    |ap_phi_reg_pp1_iter0_p_01027_4_4_reg_1092   |    9|          2|   18|         36|
    |ap_phi_reg_pp1_iter0_p_01027_4_5_reg_1124   |    9|          2|   18|         36|
    |ap_phi_reg_pp1_iter0_p_01027_4_reg_917      |    9|          2|   18|         36|
    |ap_phi_reg_pp1_iter0_p_01181_2_1_reg_984    |    9|          2|    1|          2|
    |ap_phi_reg_pp1_iter0_p_01181_2_2_reg_1028   |    9|          2|    2|          4|
    |ap_phi_reg_pp1_iter0_p_01181_2_3_reg_1071   |    9|          2|    2|          4|
    |ap_phi_reg_pp1_iter0_p_01181_2_4_reg_1114   |    9|          2|    3|          6|
    |ap_phi_reg_pp1_iter0_p_01181_2_5_reg_1157   |    9|          2|    3|          6|
    |ap_phi_reg_pp1_iter0_p_01181_2_6_reg_1201   |    9|          2|    3|          6|
    |ap_phi_reg_pp1_iter0_p_01181_2_7_reg_1245   |    9|          2|    3|          6|
    |ap_phi_reg_pp1_iter0_p_01189_2_2_reg_1017   |    9|          2|   11|         22|
    |ap_phi_reg_pp1_iter0_p_01189_2_3_reg_1060   |    9|          2|   11|         22|
    |ap_phi_reg_pp1_iter0_p_01189_2_4_reg_1103   |    9|          2|   11|         22|
    |ap_phi_reg_pp1_iter0_p_01189_2_5_reg_1146   |    9|          2|   11|         22|
    |ap_phi_reg_pp1_iter0_p_01189_2_7_reg_1234   |    9|          2|   11|         22|
    |ap_phi_reg_pp1_iter0_p_01189_2_reg_939      |    9|          2|   11|         22|
    |ap_phi_reg_pp1_iter0_p_0943_4_5_reg_1135    |    9|          2|   18|         36|
    |ap_phi_reg_pp1_iter0_p_0943_4_reg_928       |    9|          2|   18|         36|
    |ap_phi_reg_pp1_iter1_p_01027_4_10_reg_1386  |    9|          2|   18|         36|
    |ap_phi_reg_pp1_iter1_p_01027_4_12_reg_1485  |   15|          3|   18|         54|
    |ap_phi_reg_pp1_iter1_p_01027_4_8_reg_1266   |   15|          3|   18|         54|
    |ap_phi_reg_pp1_iter1_p_01027_4_9_reg_1309   |   15|          3|   18|         54|
    |ap_phi_reg_pp1_iter1_p_01027_4_s_reg_1342   |   15|          3|   18|         54|
    |ap_phi_reg_pp1_iter1_p_01181_2_10_reg_1419  |   15|          3|    4|         12|
    |ap_phi_reg_pp1_iter1_p_01181_2_11_reg_1463  |   15|          3|    4|         12|
    |ap_phi_reg_pp1_iter1_p_01181_2_12_reg_1506  |   15|          3|    4|         12|
    |ap_phi_reg_pp1_iter1_p_01181_2_13_reg_1549  |   15|          3|    4|         12|
    |ap_phi_reg_pp1_iter1_p_01181_2_14_reg_1584  |   15|          3|    4|         12|
    |ap_phi_reg_pp1_iter1_p_01181_2_8_reg_1288   |   15|          3|    4|         12|
    |ap_phi_reg_pp1_iter1_p_01181_2_9_reg_1331   |   15|          3|    4|         12|
    |ap_phi_reg_pp1_iter1_p_01181_2_s_reg_1375   |   15|          3|    4|         12|
    |ap_phi_reg_pp1_iter1_p_01189_2_10_reg_1408  |    9|          2|   11|         22|
    |ap_phi_reg_pp1_iter1_p_01189_2_11_reg_1452  |   15|          3|   11|         33|
    |ap_phi_reg_pp1_iter1_p_01189_2_12_reg_1495  |   15|          3|   11|         33|
    |ap_phi_reg_pp1_iter1_p_01189_2_13_reg_1539  |   15|          3|   11|         33|
    |ap_phi_reg_pp1_iter1_p_01189_2_8_reg_1277   |   15|          3|   11|         33|
    |ap_phi_reg_pp1_iter1_p_01189_2_9_reg_1320   |   15|          3|   11|         33|
    |ap_phi_reg_pp1_iter1_p_01189_2_s_reg_1364   |   15|          3|   11|         33|
    |ap_phi_reg_pp1_iter1_p_0943_4_10_reg_1397   |    9|          2|   18|         36|
    |ap_phi_reg_pp1_iter1_p_0943_4_s_reg_1353    |   15|          3|   18|         54|
    |cost_last_line_0_V_address0                 |   15|          3|    9|         27|
    |cost_last_line_10_V_address0                |   15|          3|    9|         27|
    |cost_last_line_11_V_address0                |   15|          3|    9|         27|
    |cost_last_line_12_V_address0                |   15|          3|    9|         27|
    |cost_last_line_13_V_address0                |   15|          3|    9|         27|
    |cost_last_line_14_V_address0                |   15|          3|    9|         27|
    |cost_last_line_15_V_address0                |   15|          3|    9|         27|
    |cost_last_line_1_V_address0                 |   15|          3|    9|         27|
    |cost_last_line_2_V_address0                 |   15|          3|    9|         27|
    |cost_last_line_3_V_address0                 |   15|          3|    9|         27|
    |cost_last_line_4_V_address0                 |   15|          3|    9|         27|
    |cost_last_line_5_V_address0                 |   15|          3|    9|         27|
    |cost_last_line_6_V_address0                 |   15|          3|    9|         27|
    |cost_last_line_7_V_address0                 |   15|          3|    9|         27|
    |cost_last_line_8_V_address0                 |   15|          3|    9|         27|
    |cost_last_line_9_V_address0                 |   15|          3|    9|         27|
    |dMap_V_address0                             |   21|          4|   17|         68|
    |dMap_V_address1                             |   15|          3|   17|         51|
    |dMapout_TDATA_blk_n                         |    9|          2|    1|          2|
    |exponentials_V_address0                     |   15|          3|    8|         24|
    |grp_fu_1728_p0                              |   15|          3|   32|         96|
    |grp_fu_1738_p0                              |   15|          3|   32|         96|
    |i_op_assign_2_reg_881                       |    9|          2|   32|         64|
    |i_op_assign_reg_870                         |    9|          2|   32|         64|
    |in_stream_TDATA_blk_n                       |    9|          2|    1|          2|
    |indvar_flatten_reg_858                      |    9|          2|   64|        128|
    |leftImage_V_address0                        |   15|          3|   17|         51|
    |p_01027_4_10_reg_1386                       |    9|          2|   18|         36|
    |p_01027_4_11_reg_1430                       |   15|          3|   18|         54|
    |p_01027_4_13_reg_1517                       |   15|          3|   18|         54|
    |p_01027_4_1_reg_951                         |    9|          2|   18|         36|
    |p_01027_4_2_reg_995                         |   15|          3|   18|         54|
    |p_01027_4_6_reg_1168                        |    9|          2|   18|         36|
    |p_01027_4_7_reg_1212                        |   15|          3|   18|         54|
    |p_01189_2_10_reg_1408                       |    9|          2|   11|         22|
    |p_01189_2_1_reg_973                         |    9|          2|   11|         22|
    |p_01189_2_6_reg_1190                        |    9|          2|   11|         22|
    |p_0943_4_10_reg_1397                        |    9|          2|   18|         36|
    |p_0943_4_11_reg_1441                        |   15|          3|   18|         54|
    |p_0943_4_12_reg_1474                        |   15|          3|   18|         54|
    |p_0943_4_13_reg_1528                        |   15|          3|   18|         54|
    |p_0943_4_1_reg_962                          |    9|          2|   18|         36|
    |p_0943_4_2_reg_1006                         |   15|          3|   18|         54|
    |p_0943_4_3_reg_1038                         |   15|          3|   18|         54|
    |p_0943_4_4_reg_1081                         |   15|          3|   18|         54|
    |p_0943_4_6_reg_1179                         |    9|          2|   18|         36|
    |p_0943_4_7_reg_1223                         |   15|          3|   18|         54|
    |p_0943_4_8_reg_1255                         |   15|          3|   18|         54|
    |p_0943_4_9_reg_1298                         |   15|          3|   18|         54|
    |pixel_values_left_V_address0                |   15|          3|    9|         27|
    |r8_reg_1594                                 |    9|          2|   31|         62|
    |r_reg_847                                   |    9|          2|   31|         62|
    |rightImage_V_address0                       |   15|          3|   17|         51|
    +--------------------------------------------+-----+-----------+-----+-----------+
    |Total                                       | 1796|        373| 1939|       4918|
    +--------------------------------------------+-----+-----------+-----+-----------+

    * Register: 
    +--------------------------------------------+----+----+-----+-----------+
    |                    Name                    | FF | LUT| Bits| Const Bits|
    +--------------------------------------------+----+----+-----+-----------+
    |INPUT_data_V_0_payload_A                    |  32|   0|   32|          0|
    |INPUT_data_V_0_payload_B                    |  32|   0|   32|          0|
    |INPUT_data_V_0_sel_rd                       |   1|   0|    1|          0|
    |INPUT_data_V_0_sel_wr                       |   1|   0|    1|          0|
    |INPUT_data_V_0_state                        |   2|   0|    2|          0|
    |INPUT_last_V_0_state                        |   2|   0|    2|          0|
    |OUTPUT_data_V_1_payload_A                   |  32|   0|   32|          0|
    |OUTPUT_data_V_1_payload_B                   |  32|   0|   32|          0|
    |OUTPUT_data_V_1_sel_rd                      |   1|   0|    1|          0|
    |OUTPUT_data_V_1_sel_wr                      |   1|   0|    1|          0|
    |OUTPUT_data_V_1_state                       |   2|   0|    2|          0|
    |OUTPUT_last_V_1_payload_A                   |   1|   0|    1|          0|
    |OUTPUT_last_V_1_payload_B                   |   1|   0|    1|          0|
    |OUTPUT_last_V_1_sel_rd                      |   1|   0|    1|          0|
    |OUTPUT_last_V_1_sel_wr                      |   1|   0|    1|          0|
    |OUTPUT_last_V_1_state                       |   2|   0|    2|          0|
    |OUTPUT_user_V_1_payload_A                   |   1|   0|    1|          0|
    |OUTPUT_user_V_1_payload_B                   |   1|   0|    1|          0|
    |OUTPUT_user_V_1_sel_rd                      |   1|   0|    1|          0|
    |OUTPUT_user_V_1_sel_wr                      |   1|   0|    1|          0|
    |OUTPUT_user_V_1_state                       |   2|   0|    2|          0|
    |ap_CS_fsm                                   |  29|   0|   29|          0|
    |ap_enable_reg_pp1_iter0                     |   1|   0|    1|          0|
    |ap_enable_reg_pp1_iter1                     |   1|   0|    1|          0|
    |ap_phi_reg_pp1_iter0_p_01027_4_1_reg_951    |  18|   0|   18|          0|
    |ap_phi_reg_pp1_iter0_p_01027_4_3_reg_1049   |  18|   0|   18|          0|
    |ap_phi_reg_pp1_iter0_p_01027_4_4_reg_1092   |  18|   0|   18|          0|
    |ap_phi_reg_pp1_iter0_p_01027_4_5_reg_1124   |  18|   0|   18|          0|
    |ap_phi_reg_pp1_iter0_p_01027_4_6_reg_1168   |  18|   0|   18|          0|
    |ap_phi_reg_pp1_iter0_p_01027_4_reg_917      |  18|   0|   18|          0|
    |ap_phi_reg_pp1_iter0_p_01181_2_1_reg_984    |   1|   0|    1|          0|
    |ap_phi_reg_pp1_iter0_p_01181_2_2_reg_1028   |   2|   0|    2|          0|
    |ap_phi_reg_pp1_iter0_p_01181_2_3_reg_1071   |   2|   0|    2|          0|
    |ap_phi_reg_pp1_iter0_p_01181_2_4_reg_1114   |   3|   0|    3|          0|
    |ap_phi_reg_pp1_iter0_p_01181_2_5_reg_1157   |   3|   0|    3|          0|
    |ap_phi_reg_pp1_iter0_p_01181_2_6_reg_1201   |   3|   0|    3|          0|
    |ap_phi_reg_pp1_iter0_p_01181_2_7_reg_1245   |   3|   0|    3|          0|
    |ap_phi_reg_pp1_iter0_p_01189_2_1_reg_973    |  11|   0|   11|          0|
    |ap_phi_reg_pp1_iter0_p_01189_2_2_reg_1017   |  11|   0|   11|          0|
    |ap_phi_reg_pp1_iter0_p_01189_2_3_reg_1060   |  11|   0|   11|          0|
    |ap_phi_reg_pp1_iter0_p_01189_2_4_reg_1103   |  11|   0|   11|          0|
    |ap_phi_reg_pp1_iter0_p_01189_2_5_reg_1146   |  11|   0|   11|          0|
    |ap_phi_reg_pp1_iter0_p_01189_2_6_reg_1190   |  11|   0|   11|          0|
    |ap_phi_reg_pp1_iter0_p_01189_2_7_reg_1234   |  11|   0|   11|          0|
    |ap_phi_reg_pp1_iter0_p_01189_2_reg_939      |  11|   0|   11|          0|
    |ap_phi_reg_pp1_iter0_p_0943_4_1_reg_962     |  18|   0|   18|          0|
    |ap_phi_reg_pp1_iter0_p_0943_4_5_reg_1135    |  18|   0|   18|          0|
    |ap_phi_reg_pp1_iter0_p_0943_4_6_reg_1179    |  18|   0|   18|          0|
    |ap_phi_reg_pp1_iter0_p_0943_4_reg_928       |  18|   0|   18|          0|
    |ap_phi_reg_pp1_iter1_p_01027_4_10_reg_1386  |  18|   0|   18|          0|
    |ap_phi_reg_pp1_iter1_p_01027_4_12_reg_1485  |  18|   0|   18|          0|
    |ap_phi_reg_pp1_iter1_p_01027_4_8_reg_1266   |  18|   0|   18|          0|
    |ap_phi_reg_pp1_iter1_p_01027_4_9_reg_1309   |  18|   0|   18|          0|
    |ap_phi_reg_pp1_iter1_p_01027_4_s_reg_1342   |  18|   0|   18|          0|
    |ap_phi_reg_pp1_iter1_p_01181_2_10_reg_1419  |   4|   0|    4|          0|
    |ap_phi_reg_pp1_iter1_p_01181_2_11_reg_1463  |   4|   0|    4|          0|
    |ap_phi_reg_pp1_iter1_p_01181_2_12_reg_1506  |   4|   0|    4|          0|
    |ap_phi_reg_pp1_iter1_p_01181_2_13_reg_1549  |   4|   0|    4|          0|
    |ap_phi_reg_pp1_iter1_p_01181_2_14_reg_1584  |   4|   0|    4|          0|
    |ap_phi_reg_pp1_iter1_p_01181_2_8_reg_1288   |   4|   0|    4|          0|
    |ap_phi_reg_pp1_iter1_p_01181_2_9_reg_1331   |   4|   0|    4|          0|
    |ap_phi_reg_pp1_iter1_p_01181_2_s_reg_1375   |   4|   0|    4|          0|
    |ap_phi_reg_pp1_iter1_p_01189_2_10_reg_1408  |  11|   0|   11|          0|
    |ap_phi_reg_pp1_iter1_p_01189_2_11_reg_1452  |  11|   0|   11|          0|
    |ap_phi_reg_pp1_iter1_p_01189_2_12_reg_1495  |  11|   0|   11|          0|
    |ap_phi_reg_pp1_iter1_p_01189_2_13_reg_1539  |  11|   0|   11|          0|
    |ap_phi_reg_pp1_iter1_p_01189_2_8_reg_1277   |  11|   0|   11|          0|
    |ap_phi_reg_pp1_iter1_p_01189_2_9_reg_1320   |  11|   0|   11|          0|
    |ap_phi_reg_pp1_iter1_p_01189_2_s_reg_1364   |  11|   0|   11|          0|
    |ap_phi_reg_pp1_iter1_p_0943_4_10_reg_1397   |  18|   0|   18|          0|
    |ap_phi_reg_pp1_iter1_p_0943_4_s_reg_1353    |  18|   0|   18|          0|
    |col_reg_5035                                |  32|   0|   32|          0|
    |cost_d_actual_V_1_13_reg_6123               |   9|   0|    9|          0|
    |cost_d_actual_V_1_4_reg_5627                |   9|   0|    9|          0|
    |cost_d_actual_V_1_9_reg_5893                |   9|   0|    9|          0|
    |cost_d_actual_V_2_10_2_reg_6011             |  11|   0|   11|          0|
    |cost_d_actual_V_2_11_1_reg_6055             |  10|   0|   11|          1|
    |cost_d_actual_V_2_12_reg_6096               |  10|   0|   10|          0|
    |cost_d_actual_V_2_1_1_reg_5479              |  11|   0|   11|          0|
    |cost_d_actual_V_2_2_s_reg_5523              |  10|   0|   11|          1|
    |cost_d_actual_V_2_3_reg_5583                |  10|   0|   10|          0|
    |cost_d_actual_V_2_6_1_reg_5755              |  11|   0|   11|          0|
    |cost_d_actual_V_2_7_s_reg_5799              |  10|   0|   11|          1|
    |cost_d_actual_V_2_8_reg_5849                |  10|   0|   10|          0|
    |cost_d_diagonal_V_10_reg_5863               |  18|   0|   18|          0|
    |cost_d_diagonal_V_11_reg_5907               |  18|   0|   18|          0|
    |cost_d_diagonal_V_12_reg_5962               |  18|   0|   18|          0|
    |cost_d_diagonal_V_13_reg_6026               |  18|   0|   18|          0|
    |cost_d_diagonal_V_14_reg_6066               |  18|   0|   18|          0|
    |cost_d_diagonal_V_1_reg_5400                |  18|   0|   18|          0|
    |cost_d_diagonal_V_2_reg_5444                |  18|   0|   18|          0|
    |cost_d_diagonal_V_3_reg_5498                |  18|   0|   18|          0|
    |cost_d_diagonal_V_4_reg_5543                |  18|   0|   18|          0|
    |cost_d_diagonal_V_5_reg_5597                |  18|   0|   18|          0|
    |cost_d_diagonal_V_6_reg_5641                |  18|   0|   18|          0|
    |cost_d_diagonal_V_7_reg_5701                |  18|   0|   18|          0|
    |cost_d_diagonal_V_8_reg_5735                |  18|   0|   18|          0|
    |cost_d_diagonal_V_9_reg_5779                |  18|   0|   18|          0|
    |cost_d_diagonal_V_reg_5395                  |  18|   0|   18|          0|
    |cost_d_diagonal_V_s_reg_5819                |  18|   0|   18|          0|
    |cost_d_right_V_10_reg_5858                  |  18|   0|   18|          0|
    |cost_d_right_V_11_reg_5902                  |  18|   0|   18|          0|
    |cost_d_right_V_12_reg_5957                  |  18|   0|   18|          0|
    |cost_d_right_V_13_reg_5991                  |  18|   0|   18|          0|
    |cost_d_right_V_14_reg_6035                  |  18|   0|   18|          0|
    |cost_d_right_V_1_reg_5362                   |  18|   0|   18|          0|
    |cost_d_right_V_2_reg_5439                   |  18|   0|   18|          0|
    |cost_d_right_V_3_reg_5493                   |  18|   0|   18|          0|
    |cost_d_right_V_4_reg_5538                   |  18|   0|   18|          0|
    |cost_d_right_V_5_reg_5592                   |  18|   0|   18|          0|
    |cost_d_right_V_6_reg_5636                   |  18|   0|   18|          0|
    |cost_d_right_V_7_reg_5696                   |  18|   0|   18|          0|
    |cost_d_right_V_8_reg_5730                   |  18|   0|   18|          0|
    |cost_d_right_V_9_reg_5774                   |  18|   0|   18|          0|
    |cost_d_right_V_reg_5357                     |  18|   0|   18|          0|
    |cost_d_right_V_s_reg_5814                   |  18|   0|   18|          0|
    |cost_d_temp_right_V_1                       |   9|   0|    9|          0|
    |cost_d_temp_right_V_10                      |   9|   0|    9|          0|
    |cost_d_temp_right_V_11                      |   9|   0|    9|          0|
    |cost_d_temp_right_V_12                      |   9|   0|    9|          0|
    |cost_d_temp_right_V_13                      |   9|   0|    9|          0|
    |cost_d_temp_right_V_14                      |   9|   0|    9|          0|
    |cost_d_temp_right_V_15                      |   9|   0|    9|          0|
    |cost_d_temp_right_V_2                       |   9|   0|    9|          0|
    |cost_d_temp_right_V_3                       |   9|   0|    9|          0|
    |cost_d_temp_right_V_4                       |   9|   0|    9|          0|
    |cost_d_temp_right_V_5                       |   9|   0|    9|          0|
    |cost_d_temp_right_V_6                       |   9|   0|    9|          0|
    |cost_d_temp_right_V_7                       |   9|   0|    9|          0|
    |cost_d_temp_right_V_8                       |   9|   0|    9|          0|
    |cost_d_temp_right_V_9                       |   9|   0|    9|          0|
    |cost_d_temp_right_V_s                       |   9|   0|    9|          0|
    |cost_last_line_0_V_2_reg_5209               |   9|   0|    9|          0|
    |cost_last_line_10_V_2_reg_5304              |   9|   0|    9|          0|
    |cost_last_line_11_V_2_reg_5367              |   9|   0|    9|          0|
    |cost_last_line_12_V_2_reg_5405              |   9|   0|    9|          0|
    |cost_last_line_13_V_2_reg_5449              |   9|   0|    9|          0|
    |cost_last_line_14_V_2_reg_5503              |   9|   0|    9|          0|
    |cost_last_line_15_V_2_reg_5602              |   9|   0|    9|          0|
    |cost_last_line_1_V_1_reg_5214               |   9|   0|    9|          0|
    |cost_last_line_2_V_1_reg_5219               |   9|   0|    9|          0|
    |cost_last_line_3_V_1_reg_5224               |   9|   0|    9|          0|
    |cost_last_line_4_V_1_reg_5229               |   9|   0|    9|          0|
    |cost_last_line_5_V_1_reg_5234               |   9|   0|    9|          0|
    |cost_last_line_6_V_1_reg_5239               |   9|   0|    9|          0|
    |cost_last_line_7_V_1_reg_5244               |   9|   0|    9|          0|
    |cost_last_line_8_V_1_reg_5249               |   9|   0|    9|          0|
    |cost_last_line_9_V_1_reg_5254               |   9|   0|    9|          0|
    |dMap_V_load_1_reg_6233                      |   8|   0|    8|          0|
    |dMap_V_load_reg_6228                        |   8|   0|    8|          0|
    |exitcond_flatten_reg_4958                   |   1|   0|    1|          0|
    |exitcond_flatten_reg_4958_pp1_iter1_reg     |   1|   0|    1|          0|
    |exitcond_reg_4962                           |   1|   0|    1|          0|
    |i_op_assign_2_mid2_reg_4988                 |  32|   0|   32|          0|
    |i_op_assign_2_mid2_reg_4988_pp1_iter1_reg   |  32|   0|   32|          0|
    |i_op_assign_2_reg_881                       |  32|   0|   32|          0|
    |i_op_assign_reg_870                         |  32|   0|   32|          0|
    |indvar_flatten_next_reg_5415                |  64|   0|   64|          0|
    |indvar_flatten_reg_858                      |  64|   0|   64|          0|
    |leftImage_V_load_reg_5129                   |   8|   0|    8|          0|
    |leftImage_V_load_reg_5129_pp1_iter1_reg     |   8|   0|    8|          0|
    |mu_diagonal_V_2_reg_5334                    |  10|   0|   10|          0|
    |mu_diagonal_V_3_fu_344                      |  10|   0|   10|          0|
    |mu_right_V_2_fu_348                         |  10|   0|   10|          0|
    |mu_right_V_reg_5289                         |  10|   0|   10|          0|
    |p_01027_1_reg_893                           |  18|   0|   18|          0|
    |p_01027_4_10_reg_1386                       |  18|   0|   18|          0|
    |p_01027_4_11_reg_1430                       |  18|   0|   18|          0|
    |p_01027_4_13_reg_1517                       |  18|   0|   18|          0|
    |p_01027_4_1_reg_951                         |  18|   0|   18|          0|
    |p_01027_4_2_reg_995                         |  18|   0|   18|          0|
    |p_01027_4_6_reg_1168                        |  18|   0|   18|          0|
    |p_01027_4_7_reg_1212                        |  18|   0|   18|          0|
    |p_01181_2_1_34_reg_6016                     |   4|   0|    4|          0|
    |p_01181_2_5_22_reg_5760                     |   3|   0|    3|          0|
    |p_01189_2_10_reg_1408                       |  11|   0|   11|          0|
    |p_01189_2_1_reg_973                         |  11|   0|   11|          0|
    |p_01189_2_6_reg_1190                        |  11|   0|   11|          0|
    |p_0943_1_reg_905                            |  18|   0|   18|          0|
    |p_0943_4_10_reg_1397                        |  18|   0|   18|          0|
    |p_0943_4_11_reg_1441                        |  18|   0|   18|          0|
    |p_0943_4_12_reg_1474                        |  18|   0|   18|          0|
    |p_0943_4_13_reg_1528                        |  18|   0|   18|          0|
    |p_0943_4_1_reg_962                          |  18|   0|   18|          0|
    |p_0943_4_2_reg_1006                         |  18|   0|   18|          0|
    |p_0943_4_3_reg_1038                         |  18|   0|   18|          0|
    |p_0943_4_4_reg_1081                         |  18|   0|   18|          0|
    |p_0943_4_6_reg_1179                         |  18|   0|   18|          0|
    |p_0943_4_7_reg_1223                         |  18|   0|   18|          0|
    |p_0943_4_8_reg_1255                         |  18|   0|   18|          0|
    |p_0943_4_9_reg_1298                         |  18|   0|   18|          0|
    |p_6_reg_6179                                |   8|   0|    8|          0|
    |p_Result_1_14_reg_6164                      |   8|   0|    8|          0|
    |p_Val2_5_10_reg_6001                        |  18|   0|   18|          0|
    |p_Val2_5_11_reg_6045                        |  18|   0|   18|          0|
    |p_Val2_5_12_reg_6086                        |  18|   0|   18|          0|
    |p_Val2_5_13_reg_6118                        |  18|   0|   18|          0|
    |p_Val2_5_14_reg_6153                        |  18|   0|   18|          0|
    |p_Val2_5_1_reg_5464                         |  18|   0|   18|          0|
    |p_Val2_5_2_reg_5513                         |  18|   0|   18|          0|
    |p_Val2_5_3_reg_5573                         |  18|   0|   18|          0|
    |p_Val2_5_4_reg_5622                         |  18|   0|   18|          0|
    |p_Val2_5_5_reg_5686                         |  18|   0|   18|          0|
    |p_Val2_5_6_reg_5745                         |  18|   0|   18|          0|
    |p_Val2_5_7_reg_5789                         |  18|   0|   18|          0|
    |p_Val2_5_8_reg_5839                         |  18|   0|   18|          0|
    |p_Val2_5_9_reg_5888                         |  18|   0|   18|          0|
    |p_Val2_5_s_reg_5947                         |  18|   0|   18|          0|
    |p_Val2_6_10_reg_6006                        |  18|   0|   18|          0|
    |p_Val2_6_11_reg_6050                        |  18|   0|   18|          0|
    |p_Val2_6_12_reg_6091                        |  18|   0|   18|          0|
    |p_Val2_6_14_reg_6159                        |  18|   0|   18|          0|
    |p_Val2_6_1_reg_5469                         |  18|   0|   18|          0|
    |p_Val2_6_2_reg_5518                         |  18|   0|   18|          0|
    |p_Val2_6_3_reg_5578                         |  18|   0|   18|          0|
    |p_Val2_6_6_reg_5750                         |  18|   0|   18|          0|
    |p_Val2_6_7_reg_5794                         |  18|   0|   18|          0|
    |p_Val2_6_8_reg_5844                         |  18|   0|   18|          0|
    |pixel_values_left_V_2_reg_5195              |   8|   0|    8|          0|
    |pixel_values_left_V_4_reg_5202              |   8|   0|    8|          0|
    |pixel_values_right_V                        |   8|   0|    8|          0|
    |pixel_values_right_V_1                      |   8|   0|    8|          0|
    |pixel_values_right_V_10                     |   8|   0|    8|          0|
    |pixel_values_right_V_11                     |   8|   0|    8|          0|
    |pixel_values_right_V_12                     |   8|   0|    8|          0|
    |pixel_values_right_V_13                     |   8|   0|    8|          0|
    |pixel_values_right_V_14                     |   8|   0|    8|          0|
    |pixel_values_right_V_15_reg_6101            |   8|   0|    8|          0|
    |pixel_values_right_V_17_reg_6071            |   8|   0|    8|          0|
    |pixel_values_right_V_18_reg_6040            |   8|   0|    8|          0|
    |pixel_values_right_V_19_reg_5996            |   8|   0|    8|          0|
    |pixel_values_right_V_2                      |   8|   0|    8|          0|
    |pixel_values_right_V_20_reg_5912            |   8|   0|    8|          0|
    |pixel_values_right_V_21_reg_5868            |   8|   0|    8|          0|
    |pixel_values_right_V_22_reg_5824            |   8|   0|    8|          0|
    |pixel_values_right_V_23_reg_5784            |   8|   0|    8|          0|
    |pixel_values_right_V_24_reg_5740            |   8|   0|    8|          0|
    |pixel_values_right_V_25_reg_5646            |   8|   0|    8|          0|
    |pixel_values_right_V_26_reg_5607            |   8|   0|    8|          0|
    |pixel_values_right_V_27_reg_5553            |   8|   0|    8|          0|
    |pixel_values_right_V_28_reg_5508            |   8|   0|    8|          0|
    |pixel_values_right_V_29_reg_5459            |   8|   0|    8|          0|
    |pixel_values_right_V_3                      |   8|   0|    8|          0|
    |pixel_values_right_V_4                      |   8|   0|    8|          0|
    |pixel_values_right_V_5                      |   8|   0|    8|          0|
    |pixel_values_right_V_6                      |   8|   0|    8|          0|
    |pixel_values_right_V_7                      |   8|   0|    8|          0|
    |pixel_values_right_V_8                      |   8|   0|    8|          0|
    |pixel_values_right_V_9                      |   8|   0|    8|          0|
    |r8_reg_1594                                 |  31|   0|   31|          0|
    |r_1_reg_4920                                |  31|   0|   31|          0|
    |r_2_reg_6197                                |  31|   0|   31|          0|
    |r_reg_847                                   |  31|   0|   31|          0|
    |ret_V_mid2_v_v_reg_4978                     |  32|   0|   32|          0|
    |rightImage_V_load_reg_5187                  |   8|   0|    8|          0|
    |row3_reg_4968                               |  32|   0|   32|          0|
    |sel_tmp_reg_5314                            |   1|   0|    1|          0|
    |sel_tmp_reg_5314_pp1_iter1_reg              |   1|   0|    1|          0|
    |tmp_11_reg_6202                             |  30|   0|   32|          2|
    |tmp_12_reg_5109                             |  64|   0|   64|          0|
    |tmp_12_reg_5109_pp1_iter1_reg               |  64|   0|   64|          0|
    |tmp_13_cast_reg_5010                        |  18|   0|   64|         46|
    |tmp_13_cast_reg_5010_pp1_iter1_reg          |  18|   0|   64|         46|
    |tmp_1_reg_4925                              |  31|   0|   32|          1|
    |tmp_21_reg_6218                             |   1|   0|    1|          0|
    |tmp_22_reg_6223                             |   1|   0|    1|          0|
    |tmp_23_reg_5269                             |   1|   0|    1|          0|
    |tmp_23_reg_5269_pp1_iter1_reg               |   1|   0|    1|          0|
    |tmp_26_reg_5030                             |   1|   0|    1|          0|
    |tmp_27_reg_5040                             |  64|   0|   64|          0|
    |tmp_29_reg_5339                             |  10|   0|   18|          8|
    |tmp_30_reg_5377                             |  10|   0|   18|          8|
    |tmp_34_reg_4973                             |   1|   0|    1|          0|
    |tmp_35_reg_4983                             |  18|   0|   18|          0|
    |tmp_36_i_i12_reg_5937                       |   8|   0|    8|          0|
    |tmp_36_i_i17_reg_6143                       |   8|   0|    8|          0|
    |tmp_36_i_i7_reg_5676                        |   8|   0|    8|          0|
    |tmp_37_reg_5060                             |   1|   0|    1|          0|
    |tmp_39_reg_5299                             |   1|   0|    1|          0|
    |tmp_40_reg_5435                             |   1|   0|    1|          0|
    |tmp_42_reg_5489                             |   1|   0|    1|          0|
    |tmp_44_10_reg_5982                          |  32|   0|   32|          0|
    |tmp_44_11_reg_6021                          |  32|   0|   32|          0|
    |tmp_44_2_reg_5484                           |  32|   0|   32|          0|
    |tmp_44_6_reg_5721                           |  32|   0|   32|          0|
    |tmp_44_7_reg_5765                           |  32|   0|   32|          0|
    |tmp_44_reg_5534                             |   1|   0|    1|          0|
    |tmp_46_reg_5588                             |   1|   0|    1|          0|
    |tmp_48_reg_5632                             |   1|   0|    1|          0|
    |tmp_50_11_reg_6060                          |   1|   0|    1|          0|
    |tmp_50_1_reg_5474                           |   1|   0|    1|          0|
    |tmp_50_2_reg_5528                           |   1|   0|    1|          0|
    |tmp_50_7_reg_5804                           |   1|   0|    1|          0|
    |tmp_50_reg_5692                             |   1|   0|    1|          0|
    |tmp_52_reg_5726                             |   1|   0|    1|          0|
    |tmp_54_reg_5770                             |   1|   0|    1|          0|
    |tmp_56_reg_5810                             |   1|   0|    1|          0|
    |tmp_58_reg_5854                             |   1|   0|    1|          0|
    |tmp_60_reg_5898                             |   1|   0|    1|          0|
    |tmp_62_reg_5953                             |   1|   0|    1|          0|
    |tmp_64_reg_5987                             |   1|   0|    1|          0|
    |tmp_66_reg_6031                             |   1|   0|    1|          0|
    |tmp_i_i12_29_reg_5942                       |   8|   0|    8|          0|
    |tmp_i_i12_reg_5932                          |   1|   0|    1|          0|
    |tmp_i_i17_42_reg_6148                       |   8|   0|    8|          0|
    |tmp_i_i17_reg_6138                          |   1|   0|    1|          0|
    |tmp_i_i7_19_reg_5681                        |   8|   0|    8|          0|
    |tmp_i_i7_reg_5671                           |   1|   0|    1|          0|
    +--------------------------------------------+----+----+-----+-----------+
    |Total                                       |3942|   0| 4056|        114|
    +--------------------------------------------+----+----+-----+-----------+



================================================================
== Interface
================================================================
* Summary: 
+---------------------------+-----+-----+------------+---------------+--------------+
|         RTL Ports         | Dir | Bits|  Protocol  | Source Object |    C Type    |
+---------------------------+-----+-----+------------+---------------+--------------+
|s_axi_CONTROL_BUS_AWVALID  |  in |    1|    s_axi   |  CONTROL_BUS  |  return void |
|s_axi_CONTROL_BUS_AWREADY  | out |    1|    s_axi   |  CONTROL_BUS  |  return void |
|s_axi_CONTROL_BUS_AWADDR   |  in |    6|    s_axi   |  CONTROL_BUS  |  return void |
|s_axi_CONTROL_BUS_WVALID   |  in |    1|    s_axi   |  CONTROL_BUS  |  return void |
|s_axi_CONTROL_BUS_WREADY   | out |    1|    s_axi   |  CONTROL_BUS  |  return void |
|s_axi_CONTROL_BUS_WDATA    |  in |   32|    s_axi   |  CONTROL_BUS  |  return void |
|s_axi_CONTROL_BUS_WSTRB    |  in |    4|    s_axi   |  CONTROL_BUS  |  return void |
|s_axi_CONTROL_BUS_ARVALID  |  in |    1|    s_axi   |  CONTROL_BUS  |  return void |
|s_axi_CONTROL_BUS_ARREADY  | out |    1|    s_axi   |  CONTROL_BUS  |  return void |
|s_axi_CONTROL_BUS_ARADDR   |  in |    6|    s_axi   |  CONTROL_BUS  |  return void |
|s_axi_CONTROL_BUS_RVALID   | out |    1|    s_axi   |  CONTROL_BUS  |  return void |
|s_axi_CONTROL_BUS_RREADY   |  in |    1|    s_axi   |  CONTROL_BUS  |  return void |
|s_axi_CONTROL_BUS_RDATA    | out |   32|    s_axi   |  CONTROL_BUS  |  return void |
|s_axi_CONTROL_BUS_RRESP    | out |    2|    s_axi   |  CONTROL_BUS  |  return void |
|s_axi_CONTROL_BUS_BVALID   | out |    1|    s_axi   |  CONTROL_BUS  |  return void |
|s_axi_CONTROL_BUS_BREADY   |  in |    1|    s_axi   |  CONTROL_BUS  |  return void |
|s_axi_CONTROL_BUS_BRESP    | out |    2|    s_axi   |  CONTROL_BUS  |  return void |
|ap_clk                     |  in |    1| ap_ctrl_hs |  disparityMap | return value |
|ap_rst_n                   |  in |    1| ap_ctrl_hs |  disparityMap | return value |
|interrupt                  | out |    1| ap_ctrl_hs |  disparityMap | return value |
|AXI_LITE_clk               |  in |    1| ap_ctrl_hs |  disparityMap | return value |
|ap_rst_n_AXI_LITE_clk      |  in |    1| ap_ctrl_hs |  disparityMap | return value |
|in_stream_TDATA            |  in |   32|    axis    |  INPUT_data_V |    pointer   |
|in_stream_TVALID           |  in |    1|    axis    |  INPUT_last_V |    pointer   |
|in_stream_TREADY           | out |    1|    axis    |  INPUT_last_V |    pointer   |
|in_stream_TLAST            |  in |    1|    axis    |  INPUT_last_V |    pointer   |
|in_stream_TUSER            |  in |    1|    axis    |  INPUT_user_V |    pointer   |
|dMapout_TDATA              | out |   32|    axis    | OUTPUT_data_V |    pointer   |
|dMapout_TREADY             |  in |    1|    axis    | OUTPUT_data_V |    pointer   |
|dMapout_TVALID             | out |    1|    axis    | OUTPUT_last_V |    pointer   |
|dMapout_TLAST              | out |    1|    axis    | OUTPUT_last_V |    pointer   |
|dMapout_TUSER              | out |    1|    axis    | OUTPUT_user_V |    pointer   |
+---------------------------+-----+-----+------------+---------------+--------------+

